[debug] > Exec(early(addDefaultCommands), None, None)
[debug] > Exec(addDefaultCommands, None, None)
[debug] > Exec(early(initialize), None, None)
[debug] > Exec(initialize, None, None)
[debug] > Exec(boot, None, None)
[debug] > Exec(writeSbtVersion, None, None)
[debug] > Exec(reload, None, None)
[debug] > Exec(sbtStashOnFailure, None, None)
[debug] > Exec(onFailure loadFailed, None, None)
[debug] > Exec(loadp, None, None)
[info] welcome to sbt 1.7.1 (Oracle Corporation Java 11.0.15)
[debug] Load.defaultLoad until apply took 186.5712ms
[debug]           Load.loadUnit: plugins took 255.8852ms
[debug]           Load.loadUnit: defsScala took 0.7385ms
[debug] [Loading] Scanning directory C:\Users\Soumya Mishra\Documents\Scala Project\Scala-Project\project
[debug] [Loading] Found non-root projects 
[debug] [Loading] Done in C:\Users\Soumya Mishra\Documents\Scala Project\Scala-Project\project, returning: ()
[debug] deducing auto plugins based on known facts Set(Atom(sbt.plugins.CorePlugin)) and clauses Clauses(Clause(Atom(sbt.plugins.JvmPlugin),Set(Atom(sbt.plugins.IvyPlugin)))
[debug] Clause(Atom(sbt.ScriptedPlugin),Set(Atom(sbt.plugins.JvmPlugin)))
[debug] Clause(Atom(sbt.plugins.SbtPlugin),Set(Atom(sbt.ScriptedPlugin)))
[debug] Clause(Atom(sbt.plugins.SemanticdbPlugin),Set(Atom(sbt.plugins.JvmPlugin)))
[debug] Clause(Atom(sbt.plugins.JUnitXmlReportPlugin),Set(Atom(sbt.plugins.JvmPlugin)))
[debug] Clause(Atom(sbt.plugins.MiniDependencyTreePlugin),Set(Atom(sbt.plugins.JvmPlugin)))
[debug] Clause(Atom(sbt.plugins.CorePlugin),Set(Atom(sbt.plugins.IvyPlugin)))
[debug] Clause(Atom(sbt.plugins.IvyPlugin),Set(Atom(sbt.plugins.JvmPlugin)))
[debug] Clause(Atom(sbt.plugins.JvmPlugin),Set(Atom(sbt.plugins.SemanticdbPlugin)))
[debug] Clause(Atom(sbt.plugins.JvmPlugin),Set(Atom(sbt.plugins.JUnitXmlReportPlugin)))
[debug] Clause(Atom(sbt.plugins.CorePlugin),Set(Atom(sbt.plugins.Giter8TemplatePlugin)))
[debug] Clause(Atom(sbt.plugins.JvmPlugin),Set(Atom(sbt.plugins.MiniDependencyTreePlugin))))
[debug]   :: deduced result: Matched(sbt.plugins.CorePlugin,sbt.plugins.Giter8TemplatePlugin,sbt.plugins.IvyPlugin,sbt.plugins.JvmPlugin,sbt.plugins.MiniDependencyTreePlugin,sbt.plugins.JUnitXmlReportPlugin,sbt.plugins.SemanticdbPlugin)
[debug] Plugins.deducer#function took 84.7938 ms
[debug]               Load.resolveProject(scala-project-build) took 168.4631ms
[debug]             Load.loadTransitive: finalizeProject(Project(id scala-project-build, base: C:\Users\Soumya Mishra\Documents\Scala Project\Scala-Project\project, plugins: List(<none>))) took 342.5326ms
[debug] [Loading] Done in C:\Users\Soumya Mishra\Documents\Scala Project\Scala-Project\project, returning: (scala-project-build)
[debug]           Load.loadUnit: loadedProjectsRaw took 444.6045ms
[debug]           Load.loadUnit: cleanEvalClasses took 1.113ms
[debug]         Load.loadUnit(file:/C:/Users/Soumya%20Mishra/Documents/Scala%20Project/Scala-Project/project/, ...) took 720.2041ms
[debug]       Load.apply: load took 1181.4744ms
[debug]       Load.apply: resolveProjects took 18.5499ms
[debug]       Load.apply: finalTransforms took 149.6121ms
[debug]       Load.apply: config.delegates took 21.0357ms
[debug]       Load.apply: Def.make(settings)... took 974.2223ms
[debug]       Load.apply: structureIndex took 321.9101ms
[debug]       Load.apply: mkStreams took 2.3063ms
[info] loading project definition from C:\Users\Soumya Mishra\Documents\Scala Project\Scala-Project\project
[debug] Running task... Cancel: Signal, check cycles: false, forcegc: true
[debug]     Load.loadUnit: plugins took 26946.3415ms
[debug]     Load.loadUnit: defsScala took 0.009ms
[debug] [Loading] Scanning directory C:\Users\Soumya Mishra\Documents\Scala Project\Scala-Project
[debug]       Load.loadUnit: mkEval took 20.5534ms
[debug] [Loading] Found root project root w/ remaining 
[debug] deducing auto plugins based on known facts Set(Atom(sbt.plugins.CorePlugin)) and clauses Clauses(Clause(Atom(sbt.plugins.JvmPlugin),Set(Atom(sbt.plugins.IvyPlugin)))
[debug] Clause(Atom(sbt.ScriptedPlugin),Set(Atom(sbt.plugins.JvmPlugin)))
[debug] Clause(Atom(sbt.plugins.SbtPlugin),Set(Atom(sbt.ScriptedPlugin)))
[debug] Clause(Atom(sbt.plugins.SemanticdbPlugin),Set(Atom(sbt.plugins.JvmPlugin)))
[debug] Clause(Atom(sbt.plugins.JUnitXmlReportPlugin),Set(Atom(sbt.plugins.JvmPlugin)))
[debug] Clause(Atom(sbt.plugins.MiniDependencyTreePlugin),Set(Atom(sbt.plugins.JvmPlugin)))
[debug] Clause(Atom(sbt.plugins.CorePlugin),Set(Atom(sbt.plugins.IvyPlugin)))
[debug] Clause(Atom(sbt.plugins.IvyPlugin),Set(Atom(sbt.plugins.JvmPlugin)))
[debug] Clause(Atom(sbt.plugins.JvmPlugin),Set(Atom(sbt.plugins.SemanticdbPlugin)))
[debug] Clause(Atom(sbt.plugins.JvmPlugin),Set(Atom(sbt.plugins.JUnitXmlReportPlugin)))
[debug] Clause(Atom(sbt.plugins.CorePlugin),Set(Atom(sbt.plugins.Giter8TemplatePlugin)))
[debug] Clause(Atom(sbt.plugins.JvmPlugin),Set(Atom(sbt.plugins.MiniDependencyTreePlugin))))
[debug]   :: deduced result: Matched(sbt.plugins.CorePlugin,sbt.plugins.Giter8TemplatePlugin,sbt.plugins.IvyPlugin,sbt.plugins.JvmPlugin,sbt.plugins.MiniDependencyTreePlugin,sbt.plugins.JUnitXmlReportPlugin,sbt.plugins.SemanticdbPlugin)
[debug] Plugins.deducer#function took 5.0865 ms
[info] loading settings for project root from build.sbt ...
[debug]         Load.resolveProject(root) took 7.2358ms
[debug]       Load.loadTransitive: finalizeProject(Project(id root, base: C:\Users\Soumya Mishra\Documents\Scala Project\Scala-Project, plugins: List(<none>))) took 14.8755ms
[debug] [Loading] Done in C:\Users\Soumya Mishra\Documents\Scala Project\Scala-Project, returning: (root)
[debug]     Load.loadUnit: loadedProjectsRaw took 6786.6757ms
[debug]     Load.loadUnit: cleanEvalClasses took 7.9503ms
[debug]   Load.loadUnit(file:/C:/Users/Soumya%20Mishra/Documents/Scala%20Project/Scala-Project/, ...) took 33744.1066ms
[debug] Load.apply: load took 33808.481ms
[debug] Load.apply: resolveProjects took 0.2456ms
[debug] Load.apply: finalTransforms took 26.5682ms
[debug] Load.apply: config.delegates took 0.9419ms
[debug] Load.apply: Def.make(settings)... took 134.4209ms
[debug] Load.apply: structureIndex took 48.31ms
[debug] Load.apply: mkStreams took 0.0072ms
[info] set current project to Scala-Project (in build file:/C:/Users/Soumya%20Mishra/Documents/Scala%20Project/Scala-Project/)
[debug] > Exec(sbtPopOnFailure, None, None)
[debug] > Exec(resumeFromFailure, None, None)
[debug] > Exec(notifyUsersAboutShell, None, None)
[debug] > Exec(iflast shell, None, None)
[debug] > Exec(shell, None, None)
[info] sbt server started at local:sbt-server-0d22efa5fb460d625ec2
[debug] Writing bsp connection file
[info] started sbt server
